<?xml version="1.0" encoding="UTF-8"?>
<!-- Generated by org.testng.reporters.JUnitReportReporter -->
<testsuite hostname="Legion" failures="0" tests="1" name="testCases.TC001_AccountRegistrationTest" time="1.632" errors="0" timestamp="2025-02-08T11:09:01 IST" skipped="0">
  <testcase classname="testCases.TC001_AccountRegistrationTest" name="verify_account_registration" time="1.632"/>
  <system-out/>
</testsuite> <!-- testCases.TC001_AccountRegistrationTest -->
