<?xml version="1.0" encoding="UTF-8"?>
<!-- Generated by org.testng.reporters.JUnitReportReporter -->
<testsuite hostname="Legion" failures="0" tests="1" name="testCases.TC_004PurchaseTablet" time="1.865" errors="0" timestamp="2025-02-14T19:00:38 IST" skipped="0">
  <testcase classname="testCases.TC_004PurchaseTablet" name="verifypurchasetablet" time="1.865"/>
  <system-out/>
</testsuite> <!-- testCases.TC_004PurchaseTablet -->
