<?xml version="1.0" encoding="UTF-8"?>
<!-- Generated by org.testng.reporters.JUnitReportReporter -->
<testsuite hostname="Legion" failures="0" tests="1" name="testCases.TC002LoginPage" time="1.065" errors="0" timestamp="2025-02-10T14:33:02 IST" skipped="0">
  <testcase classname="testCases.TC002LoginPage" name="verifylogintest" time="1.065"/>
</testsuite> <!-- testCases.TC002LoginPage -->
