<?xml version="1.0" encoding="UTF-8"?>
<!-- Generated by org.testng.reporters.JUnitReportReporter -->
<testsuite hostname="Legion" failures="0" tests="1" name="testCases.TC002LoginPage" time="1.265" errors="0" timestamp="2025-02-08T23:20:06 IST" skipped="0">
  <testcase classname="testCases.TC002LoginPage" name="verifylogintest" time="1.265"/>
</testsuite> <!-- testCases.TC002LoginPage -->
